<?xml version="1.0" encoding="UTF-8"?>
<!-- Generated by org.testng.reporters.JUnitReportReporter -->
<testsuite skipped="0" hostname="8068a7cc0709" name="com.udemy.selenium.docker.selenium_docker.BookFlightTest" tests="20" failures="0" timestamp="15 Sep 2022 09:56:59 GMT" time="32.395" errors="0">
  <testcase name="flightDetailsPage" time="1.428" classname="com.udemy.selenium.docker.selenium_docker.BookFlightTest"/>
  <testcase name="flightDetailsPage" time="1.653" classname="com.udemy.selenium.docker.selenium_docker.BookFlightTest"/>
  <testcase name="registrationPage" time="5.015" classname="com.udemy.selenium.docker.selenium_docker.BookFlightTest"/>
  <testcase name="findFlightPage" time="0.696" classname="com.udemy.selenium.docker.selenium_docker.BookFlightTest"/>
  <testcase name="registrationConfirmationPage" time="0.308" classname="com.udemy.selenium.docker.selenium_docker.BookFlightTest"/>
  <testcase name="registrationPage" time="6.360" classname="com.udemy.selenium.docker.selenium_docker.BookFlightTest"/>
  <testcase name="flightConfirmationPage" time="0.238" classname="com.udemy.selenium.docker.selenium_docker.BookFlightTest"/>
  <testcase name="flightConfirmationPage" time="0.547" classname="com.udemy.selenium.docker.selenium_docker.BookFlightTest"/>
  <testcase name="registrationConfirmationPage" time="0.212" classname="com.udemy.selenium.docker.selenium_docker.BookFlightTest"/>
  <testcase name="registrationPage" time="5.318" classname="com.udemy.selenium.docker.selenium_docker.BookFlightTest"/>
  <testcase name="registrationConfirmationPage" time="0.159" classname="com.udemy.selenium.docker.selenium_docker.BookFlightTest"/>
  <testcase name="flightConfirmationPage" time="0.442" classname="com.udemy.selenium.docker.selenium_docker.BookFlightTest"/>
  <testcase name="findFlightPage" time="0.554" classname="com.udemy.selenium.docker.selenium_docker.BookFlightTest"/>
  <testcase name="findFlightPage" time="0.301" classname="com.udemy.selenium.docker.selenium_docker.BookFlightTest"/>
  <testcase name="registrationConfirmationPage" time="0.284" classname="com.udemy.selenium.docker.selenium_docker.BookFlightTest"/>
  <testcase name="flightConfirmationPage" time="0.302" classname="com.udemy.selenium.docker.selenium_docker.BookFlightTest"/>
  <testcase name="flightDetailsPage" time="1.603" classname="com.udemy.selenium.docker.selenium_docker.BookFlightTest"/>
  <testcase name="registrationPage" time="4.982" classname="com.udemy.selenium.docker.selenium_docker.BookFlightTest"/>
  <testcase name="flightDetailsPage" time="1.668" classname="com.udemy.selenium.docker.selenium_docker.BookFlightTest"/>
  <testcase name="findFlightPage" time="0.325" classname="com.udemy.selenium.docker.selenium_docker.BookFlightTest"/>
</testsuite> <!-- com.udemy.selenium.docker.selenium_docker.BookFlightTest -->
