<?xml version="1.0" encoding="UTF-8"?>
<!-- Generated by org.testng.reporters.JUnitReportReporter -->
<testsuite skipped="0" hostname="4a659a422085" name="com.searchmodule.pages.SearchTest" tests="4" failures="0" timestamp="15 Sep 2022 09:56:55 GMT" time="16.127" errors="0">
  <testcase name="search" time="4.497" classname="com.searchmodule.pages.SearchTest"/>
  <testcase name="search" time="4.298" classname="com.searchmodule.pages.SearchTest"/>
  <testcase name="search" time="3.676" classname="com.searchmodule.pages.SearchTest"/>
  <testcase name="search" time="3.656" classname="com.searchmodule.pages.SearchTest"/>
</testsuite> <!-- com.searchmodule.pages.SearchTest -->
