<?xml version="1.0" encoding="UTF-8"?>
<!-- Generated by org.testng.reporters.JUnitReportReporter -->
<testsuite hostname="LAPTOP-LTD0O8D9" failures="0" tests="4" name="com.searchmodule.pages.SearchTest" time="16.070" errors="0" timestamp="15 Sep 2022 09:15:57 GMT" skipped="0">
  <testcase classname="com.searchmodule.pages.SearchTest" name="search" time="6.532"/>
  <testcase classname="com.searchmodule.pages.SearchTest" name="search" time="3.414"/>
  <testcase classname="com.searchmodule.pages.SearchTest" name="search" time="3.125"/>
  <testcase classname="com.searchmodule.pages.SearchTest" name="search" time="2.999"/>
</testsuite> <!-- com.searchmodule.pages.SearchTest -->
