<?xml version="1.0" encoding="UTF-8"?>
<!-- Generated by org.testng.reporters.JUnitReportReporter -->
<testsuite hostname="LAPTOP-LTD0O8D9" failures="0" tests="20" name="com.udemy.selenium.docker.selenium_docker.BookFlightTest" time="34.489" errors="0" timestamp="15 Sep 2022 09:21:18 GMT" skipped="0">
  <testcase classname="com.udemy.selenium.docker.selenium_docker.BookFlightTest" name="flightDetailsPage" time="1.780"/>
  <testcase classname="com.udemy.selenium.docker.selenium_docker.BookFlightTest" name="flightConfirmationPage" time="0.247"/>
  <testcase classname="com.udemy.selenium.docker.selenium_docker.BookFlightTest" name="findFlightPage" time="0.435"/>
  <testcase classname="com.udemy.selenium.docker.selenium_docker.BookFlightTest" name="flightConfirmationPage" time="0.410"/>
  <testcase classname="com.udemy.selenium.docker.selenium_docker.BookFlightTest" name="registrationConfirmationPage" time="0.136"/>
  <testcase classname="com.udemy.selenium.docker.selenium_docker.BookFlightTest" name="flightConfirmationPage" time="0.482"/>
  <testcase classname="com.udemy.selenium.docker.selenium_docker.BookFlightTest" name="flightDetailsPage" time="2.163"/>
  <testcase classname="com.udemy.selenium.docker.selenium_docker.BookFlightTest" name="findFlightPage" time="0.363"/>
  <testcase classname="com.udemy.selenium.docker.selenium_docker.BookFlightTest" name="registrationConfirmationPage" time="0.154"/>
  <testcase classname="com.udemy.selenium.docker.selenium_docker.BookFlightTest" name="registrationPage" time="4.849"/>
  <testcase classname="com.udemy.selenium.docker.selenium_docker.BookFlightTest" name="flightDetailsPage" time="1.816"/>
  <testcase classname="com.udemy.selenium.docker.selenium_docker.BookFlightTest" name="flightConfirmationPage" time="0.266"/>
  <testcase classname="com.udemy.selenium.docker.selenium_docker.BookFlightTest" name="registrationPage" time="6.068"/>
  <testcase classname="com.udemy.selenium.docker.selenium_docker.BookFlightTest" name="flightDetailsPage" time="1.930"/>
  <testcase classname="com.udemy.selenium.docker.selenium_docker.BookFlightTest" name="findFlightPage" time="0.364"/>
  <testcase classname="com.udemy.selenium.docker.selenium_docker.BookFlightTest" name="registrationConfirmationPage" time="0.197"/>
  <testcase classname="com.udemy.selenium.docker.selenium_docker.BookFlightTest" name="registrationPage" time="6.348"/>
  <testcase classname="com.udemy.selenium.docker.selenium_docker.BookFlightTest" name="registrationPage" time="5.796"/>
  <testcase classname="com.udemy.selenium.docker.selenium_docker.BookFlightTest" name="registrationConfirmationPage" time="0.189"/>
  <testcase classname="com.udemy.selenium.docker.selenium_docker.BookFlightTest" name="findFlightPage" time="0.496"/>
</testsuite> <!-- com.udemy.selenium.docker.selenium_docker.BookFlightTest -->
